<?xml version="1.0" encoding="UTF-8"?>
<robot generator="Robot 7.0.1 (Python 3.12.0 on win32)" generated="2024-10-09T09:29:10.258781" rpa="false" schemaversion="5">
<suite id="s1" name="Vilho" source="c:\Users\Vilho\OneDrive\Desktop\Gitit\Python-Ninjas-Projectworks\RobotFiles\vilho.robot">
<test id="s1-t1" name="3. Selvitä löytyykö &quot;Lisää ostoskoriin&quot; -painike" line="15">
<kw name="Open Browser" owner="SeleniumLibrary">
<msg time="2024-10-09T09:29:11.491998" level="INFO">Opening browser 'Chrome' to base url 'http://jimms.fi'.</msg>
<arg>${url}</arg>
<arg>Chrome</arg>
<arg>options=add_argument("disable-search-engine-choice-screen"); add_experimental_option("detach", True)</arg>
<doc>Opens a new browser instance to the optional ``url``.</doc>
<status status="PASS" start="2024-10-09T09:29:11.490993" elapsed="10.038982"/>
</kw>
<kw name="Maximize Browser Window" owner="SeleniumLibrary">
<doc>Maximizes current browser window.</doc>
<status status="PASS" start="2024-10-09T09:29:21.531256" elapsed="0.281034"/>
</kw>
<kw name="Click Element" owner="SeleniumLibrary">
<msg time="2024-10-09T09:29:21.814289" level="INFO">Clicking element 'name:q'.</msg>
<arg>name:q</arg>
<doc>Click the element identified by ``locator``.</doc>
<status status="PASS" start="2024-10-09T09:29:21.813289" elapsed="0.202283"/>
</kw>
<kw name="Input Text" owner="SeleniumLibrary">
<msg time="2024-10-09T09:29:22.016573" level="INFO">Typing text 'ps5' into text field 'name:q'.</msg>
<arg>name:q</arg>
<arg>ps5</arg>
<doc>Types the given ``text`` into the text field identified by ``locator``.</doc>
<status status="PASS" start="2024-10-09T09:29:22.016573" elapsed="0.113511"/>
</kw>
<kw name="Press Keys" owner="SeleniumLibrary">
<msg time="2024-10-09T09:29:22.132090" level="INFO">Sending key(s) ('ENTER',) to name:q element.</msg>
<msg time="2024-10-09T09:29:22.447662" level="INFO">Pressing special key ENTER to element.</msg>
<msg time="2024-10-09T09:29:22.448671" level="INFO">Releasing special key ENTER.</msg>
<arg>name:q</arg>
<arg>ENTER</arg>
<doc>Simulates the user pressing key(s) to an element or on the active browser.</doc>
<status status="PASS" start="2024-10-09T09:29:22.131090" elapsed="0.713667"/>
</kw>
<kw name="Sleep" owner="BuiltIn">
<msg time="2024-10-09T09:29:25.847859" level="INFO">Slept 3 seconds.</msg>
<arg>3s</arg>
<doc>Pauses the test executed for the given time.</doc>
<status status="PASS" start="2024-10-09T09:29:22.845765" elapsed="3.002094"/>
</kw>
<kw name="Page Should Contain Element" owner="SeleniumLibrary">
<msg time="2024-10-09T09:29:25.881394" level="INFO">Current page contains element 'xpath://a[@title="Lisää koriin"]'.</msg>
<arg>xpath://a[@title="Lisää koriin"]</arg>
<doc>Verifies that element ``locator`` is found on the current page.</doc>
<status status="PASS" start="2024-10-09T09:29:25.848841" elapsed="0.033555"/>
</kw>
<status status="PASS" start="2024-10-09T09:29:11.487994" elapsed="14.395404"/>
</test>
<test id="s1-t2" name="4. Löytyyko &quot;Lisää koriin&quot; -linkkiin liittyvä ikoni. Jos löytyy, robotti ottaa kuvankaappauksen ikonista." line="45">
<kw name="Page Should Contain Element" owner="SeleniumLibrary">
<msg time="2024-10-09T09:29:25.967180" level="INFO">Current page contains element 'xpath://a[@title="Lisää koriin"]//i'.</msg>
<arg>xpath://a[@title="Lisää koriin"]//i</arg>
<doc>Verifies that element ``locator`` is found on the current page.</doc>
<status status="PASS" start="2024-10-09T09:29:25.888396" elapsed="0.078784"/>
</kw>
<kw name="Set Screenshot Directory" owner="SeleniumLibrary">
<arg>C:\\Users\\Vilho\\OneDrive\\Desktop\\Gitit\\Python-Ninjas-Projectworks\\Screenshots</arg>
<doc>Sets the directory for captured screenshots.</doc>
<status status="PASS" start="2024-10-09T09:29:25.968175" elapsed="0.002001"/>
</kw>
<kw name="Capture Element Screenshot" owner="SeleniumLibrary">
<msg time="2024-10-09T09:29:26.117098" level="INFO" html="true">&lt;/td&gt;&lt;/tr&gt;&lt;tr&gt;&lt;td colspan="3"&gt;&lt;a href="Screenshots/selenium-element-screenshot-1.png"&gt;&lt;img src="Screenshots/selenium-element-screenshot-1.png" width="400px"&gt;&lt;/a&gt;</msg>
<arg>xpath://i[@class="material-icon me-1"]</arg>
<doc>Captures a screenshot from the element identified by ``locator`` and embeds it into log file.</doc>
<status status="PASS" start="2024-10-09T09:29:25.970427" elapsed="0.146671"/>
</kw>
<kw name="Click Element" owner="SeleniumLibrary">
<msg time="2024-10-09T09:29:26.120106" level="INFO">Clicking element 'xpath://a[@title="Lisää koriin"]'.</msg>
<arg>xpath://a[@title="Lisää koriin"]</arg>
<doc>Click the element identified by ``locator``.</doc>
<status status="PASS" start="2024-10-09T09:29:26.119099" elapsed="0.106564"/>
</kw>
<status status="PASS" start="2024-10-09T09:29:25.887399" elapsed="0.339269"/>
</test>
<status status="PASS" start="2024-10-09T09:29:10.273022" elapsed="15.956645"/>
</suite>
<statistics>
<total>
<stat pass="2" fail="0" skip="0">All Tests</stat>
</total>
<tag>
</tag>
<suite>
<stat pass="2" fail="0" skip="0" id="s1" name="Vilho">Vilho</stat>
</suite>
</statistics>
<errors>
</errors>
</robot>
