<?xml version="1.0" encoding="UTF-8"?>
<robot generator="Robot 7.0.1 (Python 3.12.6 on win32)" generated="2024-10-07T12:34:39.194556" rpa="false" schemaversion="5">
<suite id="s1" name="Lauri" source="c:\Users\latel\Documents\GitHub\Python-Ninjas-Projectworks\RobotFiles\lauri.robot">
<test id="s1-t1" name="0: Asetetaan screenshot-kansio" line="16">
<kw name="Set Screenshot Directory" owner="SeleniumLibrary">
<arg>C:\\Users\\latel\\Documents\\GitHub\\Python-Ninjas-Projectworks\\Screenshots</arg>
<doc>Sets the directory for captured screenshots.</doc>
<status status="PASS" start="2024-10-07T12:34:39.380564" elapsed="0.001001"/>
</kw>
<status status="PASS" start="2024-10-07T12:34:39.379566" elapsed="0.001999"/>
</test>
<test id="s1-t2" name="2. Testaa hakutoimintoa tuotteen pääsivulta (hakusana ps5)" line="18">
<kw name="Open Browser" owner="SeleniumLibrary">
<msg time="2024-10-07T12:34:39.383564" level="INFO">Opening browser 'Chrome' to base url 'http://jimms.fi'.</msg>
<arg>${url}</arg>
<arg>Chrome</arg>
<arg>options=add_argument("disable-search-engine-choice-screen"); add_experimental_option("detach", True)</arg>
<doc>Opens a new browser instance to the optional ``url``.</doc>
<status status="PASS" start="2024-10-07T12:34:39.383564" elapsed="2.216783"/>
</kw>
<kw name="Maximize Browser Window" owner="SeleniumLibrary">
<doc>Maximizes current browser window.</doc>
<status status="PASS" start="2024-10-07T12:34:41.601357" elapsed="0.155305"/>
</kw>
<kw name="Click Element" owner="SeleniumLibrary">
<msg time="2024-10-07T12:34:41.758537" level="INFO">Clicking element 'name:q'.</msg>
<arg>name:q</arg>
<doc>Click the element identified by ``locator``.</doc>
<status status="PASS" start="2024-10-07T12:34:41.757884" elapsed="0.123741"/>
</kw>
<kw name="Input Text" owner="SeleniumLibrary">
<msg time="2024-10-07T12:34:41.883636" level="INFO">Typing text 'ps5' into text field 'name:q'.</msg>
<arg>name:q</arg>
<arg>ps5</arg>
<doc>Types the given ``text`` into the text field identified by ``locator``.</doc>
<status status="PASS" start="2024-10-07T12:34:41.882626" elapsed="0.053274"/>
</kw>
<kw name="Press Keys" owner="SeleniumLibrary">
<msg time="2024-10-07T12:34:41.936937" level="INFO">Sending key(s) ('ENTER',) to name:q element.</msg>
<msg time="2024-10-07T12:34:42.222809" level="INFO">Pressing special key ENTER to element.</msg>
<msg time="2024-10-07T12:34:42.222809" level="INFO">Releasing special key ENTER.</msg>
<arg>name:q</arg>
<arg>ENTER</arg>
<doc>Simulates the user pressing key(s) to an element or on the active browser.</doc>
<status status="PASS" start="2024-10-07T12:34:41.936937" elapsed="0.356651"/>
</kw>
<kw name="Sleep" owner="BuiltIn">
<msg time="2024-10-07T12:34:44.295457" level="INFO">Slept 2 seconds.</msg>
<arg>2</arg>
<doc>Pauses the test executed for the given time.</doc>
<status status="PASS" start="2024-10-07T12:34:42.294587" elapsed="2.000870"/>
</kw>
<status status="PASS" start="2024-10-07T12:34:39.382565" elapsed="4.914956"/>
</test>
<test id="s1-t3" name="Kuvankaappaus ensimmäisestä tuotteesta" line="40">
<kw name="Capture Element Screenshot" owner="SeleniumLibrary">
<msg time="2024-10-07T12:34:44.390133" level="INFO" html="true">&lt;/td&gt;&lt;/tr&gt;&lt;tr&gt;&lt;td colspan="3"&gt;&lt;a href="Screenshots/Ensimm%C3%A4inen_tuote.png"&gt;&lt;img src="Screenshots/Ensimm%C3%A4inen_tuote.png" width="400px"&gt;&lt;/a&gt;</msg>
<arg>xpath:/html/body/main/div[2]/div/div[2]/div[5]/div/div[1]/product-box/div[2]/div[1]/a/div/img</arg>
<arg>Ensimmäinen_tuote.png</arg>
<doc>Captures a screenshot from the element identified by ``locator`` and embeds it into log file.</doc>
<status status="PASS" start="2024-10-07T12:34:44.301479" elapsed="0.088654"/>
</kw>
<status status="PASS" start="2024-10-07T12:34:44.300472" elapsed="0.089661"/>
</test>
<test id="s1-t4" name="Menee tuotteen tuotesivulle" line="43">
<kw name="Click Element" owner="SeleniumLibrary">
<msg time="2024-10-07T12:34:44.392134" level="INFO">Clicking element 'xpath:/html/body/main/div[2]/div/div[2]/div[5]/div/div[1]/product-box/div[2]/div[2]/h5/a/span'.</msg>
<arg>xpath:/html/body/main/div[2]/div/div[2]/div[5]/div/div[1]/product-box/div[2]/div[2]/h5/a/span</arg>
<doc>Click the element identified by ``locator``.</doc>
<status status="PASS" start="2024-10-07T12:34:44.391134" elapsed="0.519928"/>
</kw>
<status status="PASS" start="2024-10-07T12:34:44.391134" elapsed="0.520927"/>
</test>
<test id="s1-t5" name="robotti tarkastaa, että on oikealla tuotesivulla ja haku täsmää joltain osin annettuun hakusanaan" line="46">
<kw name="Page Should Contain" owner="SeleniumLibrary">
<msg time="2024-10-07T12:34:44.963602" level="INFO">Current page contains text 'PS5'.</msg>
<arg>${hakusana}</arg>
<doc>Verifies that current page contains ``text``.</doc>
<status status="PASS" start="2024-10-07T12:34:44.913061" elapsed="0.051557"/>
</kw>
<status status="PASS" start="2024-10-07T12:34:44.912061" elapsed="0.053538"/>
</test>
<status status="PASS" start="2024-10-07T12:34:39.198541" elapsed="5.768059"/>
</suite>
<statistics>
<total>
<stat pass="5" fail="0" skip="0">All Tests</stat>
</total>
<tag>
</tag>
<suite>
<stat pass="5" fail="0" skip="0" id="s1" name="Lauri">Lauri</stat>
</suite>
</statistics>
<errors>
</errors>
</robot>
